# JRE version: Java(TM) SE Runtime Environment (17.0.8+9) (build 17.0.8+9-LTS-211)
# Java VM: Java HotSpot(TM) 64-Bit Server VM (17.0.8+9-LTS-211, mixed mode, sharing, tiered, compressed oops, compressed class ptrs, g1 gc, windows-amd64)
GC Precious Log:
 CPUs: 16 total, 16 available
 Memory: 32649M
 Large Page Support: Disabled
 NUMA Support: Disabled
 Compressed Oops: Enabled (Zero based)
 Heap Region Size: 4M
 Heap Min Capacity: 8M
 Heap Initial Capacity: 512M
 Heap Max Capacity: 8164M
 Pre-touch: Disabled
 Parallel Workers: 13
 Concurrent Workers: 3
 Concurrent Refinement Workers: 13
 Periodic GC: Disabled
Heap:
 garbage-first heap   total 434176K, used 275345K [0x0000000601c00000, 0x0000000800000000)
  region size 4096K, 38 young (155648K), 1 survivors (4096K)
 Metaspace       used 22245K, committed 22528K, reserved 1114112K
  class space    used 2091K, committed 2240K, reserved 1048576K
GC Heap History (16 events):
Event: 8.015 GC heap before
{Heap before GC invocations=0 (full 0):
 garbage-first heap   total 524288K, used 24576K [0x0000000601c00000, 0x0000000800000000)
  region size 4096K, 6 young (24576K), 0 survivors (0K)
 Metaspace       used 9889K, committed 10112K, reserved 1114112K
  class space    used 1137K, committed 1280K, reserved 1048576K
}
Event: 8.018 GC heap after
{Heap after GC invocations=1 (full 0):
 garbage-first heap   total 524288K, used 4105K [0x0000000601c00000, 0x0000000800000000)
  region size 4096K, 1 young (4096K), 1 survivors (4096K)
 Metaspace       used 9889K, committed 10112K, reserved 1114112K
  class space    used 1137K, committed 1280K, reserved 1048576K
}
Event: 8.039 GC heap before
{Heap before GC invocations=1 (full 0):
 garbage-first heap   total 524288K, used 28681K [0x0000000601c00000, 0x0000000800000000)
  region size 4096K, 7 young (28672K), 1 survivors (4096K)
 Metaspace       used 9904K, committed 10176K, reserved 1114112K
  class space    used 1137K, committed 1280K, reserved 1048576K
}
Event: 8.047 GC heap after
{Heap after GC invocations=2 (full 0):
 garbage-first heap   total 524288K, used 5303K [0x0000000601c00000, 0x0000000800000000)
  region size 4096K, 1 young (4096K), 1 survivors (4096K)
 Metaspace       used 9904K, committed 10176K, reserved 1114112K
  class space    used 1137K, committed 1280K, reserved 1048576K
}
Event: 8.604 GC heap before
{Heap before GC invocations=2 (full 0):
 garbage-first heap   total 524288K, used 70839K [0x0000000601c00000, 0x0000000800000000)
  region size 4096K, 18 young (73728K), 1 survivors (4096K)
 Metaspace       used 13763K, committed 13952K, reserved 1114112K
  class space    used 1475K, committed 1536K, reserved 1048576K
}
Event: 8.607 GC heap after
{Heap after GC invocations=3 (full 0):
 garbage-first heap   total 524288K, used 18054K [0x0000000601c00000, 0x0000000800000000)
  region size 4096K, 3 young (12288K), 3 survivors (12288K)
 Metaspace       used 13763K, committed 13952K, reserved 1114112K
  class space    used 1475K, committed 1536K, reserved 1048576K
}
Event: 9.408 GC heap before
{Heap before GC invocations=3 (full 0):
 garbage-first heap   total 524288K, used 169606K [0x0000000601c00000, 0x0000000800000000)
  region size 4096K, 39 young (159744K), 3 survivors (12288K)
 Metaspace       used 21287K, committed 21504K, reserved 1114112K
  class space    used 1988K, committed 2112K, reserved 1048576K
}
Event: 9.413 GC heap after
{Heap after GC invocations=4 (full 0):
 garbage-first heap   total 524288K, used 33947K [0x0000000601c00000, 0x0000000800000000)
  region size 4096K, 5 young (20480K), 5 survivors (20480K)
 Metaspace       used 21287K, committed 21504K, reserved 1114112K
  class space    used 1988K, committed 2112K, reserved 1048576K
}
Event: 9.573 GC heap before
{Heap before GC invocations=5 (full 0):
 garbage-first heap   total 180224K, used 144539K [0x0000000601c00000, 0x0000000800000000)
  region size 4096K, 22 young (90112K), 5 survivors (20480K)
 Metaspace       used 21869K, committed 22080K, reserved 1114112K
  class space    used 2053K, committed 2176K, reserved 1048576K
}
Event: 9.578 GC heap after
{Heap after GC invocations=6 (full 0):
 garbage-first heap   total 184320K, used 88251K [0x0000000601c00000, 0x0000000800000000)
  region size 4096K, 7 young (28672K), 7 survivors (28672K)
 Metaspace       used 21869K, committed 22080K, reserved 1114112K
  class space    used 2053K, committed 2176K, reserved 1048576K
}
Event: 9.584 GC heap before
{Heap before GC invocations=6 (full 0):
 garbage-first heap   total 184320K, used 92347K [0x0000000601c00000, 0x0000000800000000)
  region size 4096K, 8 young (32768K), 7 survivors (28672K)
 Metaspace       used 21870K, committed 22080K, reserved 1114112K
  class space    used 2053K, committed 2176K, reserved 1048576K
}
Event: 9.588 GC heap after
{Heap after GC invocations=7 (full 0):
 garbage-first heap   total 184320K, used 86797K [0x0000000601c00000, 0x0000000800000000)
  region size 4096K, 0 young (0K), 0 survivors (0K)
 Metaspace       used 21870K, committed 22080K, reserved 1114112K
  class space    used 2053K, committed 2176K, reserved 1048576K
}
Event: 9.602 GC heap before
{Heap before GC invocations=7 (full 0):
 garbage-first heap   total 184320K, used 111373K [0x0000000601c00000, 0x0000000800000000)
  region size 4096K, 7 young (28672K), 0 survivors (0K)
 Metaspace       used 21870K, committed 22080K, reserved 1114112K
  class space    used 2053K, committed 2176K, reserved 1048576K
}
Event: 9.602 GC heap after
{Heap after GC invocations=8 (full 0):
 garbage-first heap   total 184320K, used 87100K [0x0000000601c00000, 0x0000000800000000)
  region size 4096K, 1 young (4096K), 1 survivors (4096K)
 Metaspace       used 21870K, committed 22080K, reserved 1114112K
  class space    used 2053K, committed 2176K, reserved 1048576K
}
Event: 9.644 GC heap before
{Heap before GC invocations=9 (full 0):
 garbage-first heap   total 184320K, used 128060K [0x0000000601c00000, 0x0000000800000000)
  region size 4096K, 10 young (40960K), 1 survivors (4096K)
 Metaspace       used 21870K, committed 22080K, reserved 1114112K
  class space    used 2053K, committed 2176K, reserved 1048576K
}
Event: 9.645 GC heap after
{Heap after GC invocations=10 (full 0):
 garbage-first heap   total 434176K, used 95121K [0x0000000601c00000, 0x0000000800000000)
  region size 4096K, 1 young (4096K), 1 survivors (4096K)
 Metaspace       used 21870K, committed 22080K, reserved 1114112K
  class space    used 2053K, committed 2176K, reserved 1048576K
}

